# JRE version: OpenJDK Runtime Environment (8.0_152-b01) (build 1.8.0_152-release-1024-b01)
# Java VM: OpenJDK 64-Bit Server VM (25.152-b01 mixed mode linux-amd64 compressed oops)
Heap:
 PSYoungGen      total 448000K, used 0K [0x00000000e0000000, 0x0000000100000000, 0x0000000100000000)
  eden space 377856K, 0% used [0x00000000e0000000,0x00000000e0000000,0x00000000f7100000)
  from space 70144K, 0% used [0x00000000fbb80000,0x00000000fbb80000,0x0000000100000000)
  to   space 73216K, 0% used [0x00000000f7100000,0x00000000f7100000,0x00000000fb880000)
 ParOldGen       total 444928K, used 105647K [0x00000000a0000000, 0x00000000bb280000, 0x00000000e0000000)
  object space 444928K, 23% used [0x00000000a0000000,0x00000000a672bfd8,0x00000000bb280000)
 Metaspace       used 221163K, capacity 236298K, committed 254808K, reserved 1267712K
  class space    used 28875K, capacity 32142K, committed 37504K, reserved 1048576K
GC Heap History (10 events):
Event: 2794,753 GC heap after
Heap after GC invocations=37 (full 5):
 PSYoungGen      total 454144K, used 17445K [0x00000000e0000000, 0x0000000100000000, 0x0000000100000000)
  eden space 386048K, 0% used [0x00000000e0000000,0x00000000e0000000,0x00000000f7900000)
  from space 68096K, 25% used [0x00000000fbd80000,0x00000000fce89430,0x0000000100000000)
  to   space 69120K, 0% used [0x00000000f7900000,0x00000000f7900000,0x00000000fbc80000)
 ParOldGen       total 444928K, used 83211K [0x00000000a0000000, 0x00000000bb280000, 0x00000000e0000000)
  object space 444928K, 18% used [0x00000000a0000000,0x00000000a5142f00,0x00000000bb280000)
 Metaspace       used 194080K, capacity 208533K, committed 208716K, reserved 1228800K
  class space    used 25697K, capacity 28734K, committed 28800K, reserved 1048576K
}
Event: 2837,385 GC heap before
{Heap before GC invocations=38 (full 5):
 PSYoungGen      total 454144K, used 403493K [0x00000000e0000000, 0x0000000100000000, 0x0000000100000000)
  eden space 386048K, 100% used [0x00000000e0000000,0x00000000f7900000,0x00000000f7900000)
  from space 68096K, 25% used [0x00000000fbd80000,0x00000000fce89430,0x0000000100000000)
  to   space 69120K, 0% used [0x00000000f7900000,0x00000000f7900000,0x00000000fbc80000)
 ParOldGen       total 444928K, used 83211K [0x00000000a0000000, 0x00000000bb280000, 0x00000000e0000000)
  object space 444928K, 18% used [0x00000000a0000000,0x00000000a5142f00,0x00000000bb280000)
 Metaspace       used 203845K, capacity 219525K, committed 219724K, reserved 1239040K
  class space    used 26980K, capacity 30230K, committed 30336K, reserved 1048576K
Event: 2837,417 GC heap after
Heap after GC invocations=38 (full 5):
 PSYoungGen      total 429056K, used 42818K [0x00000000e0000000, 0x00000000ffe00000, 0x0000000100000000)
  eden space 386048K, 0% used [0x00000000e0000000,0x00000000e0000000,0x00000000f7900000)
  from space 43008K, 99% used [0x00000000f7900000,0x00000000fa2d0b58,0x00000000fa300000)
  to   space 67584K, 0% used [0x00000000fbc00000,0x00000000fbc00000,0x00000000ffe00000)
 ParOldGen       total 444928K, used 83219K [0x00000000a0000000, 0x00000000bb280000, 0x00000000e0000000)
  object space 444928K, 18% used [0x00000000a0000000,0x00000000a5144f00,0x00000000bb280000)
 Metaspace       used 203845K, capacity 219525K, committed 219724K, reserved 1239040K
  class space    used 26980K, capacity 30230K, committed 30336K, reserved 1048576K
}
Event: 3060,737 GC heap before
{Heap before GC invocations=39 (full 5):
 PSYoungGen      total 429056K, used 428866K [0x00000000e0000000, 0x00000000ffe00000, 0x0000000100000000)
  eden space 386048K, 100% used [0x00000000e0000000,0x00000000f7900000,0x00000000f7900000)
  from space 43008K, 99% used [0x00000000f7900000,0x00000000fa2d0b58,0x00000000fa300000)
  to   space 67584K, 0% used [0x00000000fbc00000,0x00000000fbc00000,0x00000000ffe00000)
 ParOldGen       total 444928K, used 83219K [0x00000000a0000000, 0x00000000bb280000, 0x00000000e0000000)
  object space 444928K, 18% used [0x00000000a0000000,0x00000000a5144f00,0x00000000bb280000)
 Metaspace       used 224762K, capacity 241571K, committed 241868K, reserved 1257472K
  class space    used 29773K, capacity 33253K, committed 33280K, reserved 1048576K
Event: 3060,763 GC heap after
Heap after GC invocations=39 (full 5):
 PSYoungGen      total 456192K, used 41625K [0x00000000e0000000, 0x0000000100000000, 0x0000000100000000)
  eden space 388608K, 0% used [0x00000000e0000000,0x00000000e0000000,0x00000000f7b80000)
  from space 67584K, 61% used [0x00000000fbc00000,0x00000000fe4a6628,0x00000000ffe00000)
  to   space 66048K, 0% used [0x00000000f7b80000,0x00000000f7b80000,0x00000000fbc00000)
 ParOldGen       total 444928K, used 83243K [0x00000000a0000000, 0x00000000bb280000, 0x00000000e0000000)
  object space 444928K, 18% used [0x00000000a0000000,0x00000000a514af00,0x00000000bb280000)
 Metaspace       used 224762K, capacity 241571K, committed 241868K, reserved 1257472K
  class space    used 29773K, capacity 33253K, committed 33280K, reserved 1048576K
}
Event: 3064,528 GC heap before
{Heap before GC invocations=40 (full 5):
 PSYoungGen      total 456192K, used 430233K [0x00000000e0000000, 0x0000000100000000, 0x0000000100000000)
  eden space 388608K, 100% used [0x00000000e0000000,0x00000000f7b80000,0x00000000f7b80000)
  from space 67584K, 61% used [0x00000000fbc00000,0x00000000fe4a6628,0x00000000ffe00000)
  to   space 66048K, 0% used [0x00000000f7b80000,0x00000000f7b80000,0x00000000fbc00000)
 ParOldGen       total 444928K, used 83243K [0x00000000a0000000, 0x00000000bb280000, 0x00000000e0000000)
  object space 444928K, 18% used [0x00000000a0000000,0x00000000a514af00,0x00000000bb280000)
 Metaspace       used 241902K, capacity 260295K, committed 260556K, reserved 1273856K
  class space    used 32041K, capacity 35832K, committed 35840K, reserved 1048576K
Event: 3064,563 GC heap after
Heap after GC invocations=40 (full 5):
 PSYoungGen      total 446464K, used 57442K [0x00000000e0000000, 0x0000000100000000, 0x0000000100000000)
  eden space 388608K, 0% used [0x00000000e0000000,0x00000000e0000000,0x00000000f7b80000)
  from space 57856K, 99% used [0x00000000f7b80000,0x00000000fb398948,0x00000000fb400000)
  to   space 70144K, 0% used [0x00000000fbb80000,0x00000000fbb80000,0x0000000100000000)
 ParOldGen       total 444928K, used 83251K [0x00000000a0000000, 0x00000000bb280000, 0x00000000e0000000)
  object space 444928K, 18% used [0x00000000a0000000,0x00000000a514cf00,0x00000000bb280000)
 Metaspace       used 241902K, capacity 260295K, committed 260556K, reserved 1273856K
  class space    used 32041K, capacity 35832K, committed 35840K, reserved 1048576K
}
Event: 3131,677 GC heap before
{Heap before GC invocations=41 (full 5):
 PSYoungGen      total 446464K, used 244608K [0x00000000e0000000, 0x0000000100000000, 0x0000000100000000)
  eden space 388608K, 48% used [0x00000000e0000000,0x00000000eb6c77d0,0x00000000f7b80000)
  from space 57856K, 99% used [0x00000000f7b80000,0x00000000fb398948,0x00000000fb400000)
  to   space 70144K, 0% used [0x00000000fbb80000,0x00000000fbb80000,0x0000000100000000)
 ParOldGen       total 444928K, used 83251K [0x00000000a0000000, 0x00000000bb280000, 0x00000000e0000000)
  object space 444928K, 18% used [0x00000000a0000000,0x00000000a514cf00,0x00000000bb280000)
 Metaspace       used 254182K, capacity 273093K, committed 273228K, reserved 1286144K
  class space    used 33552K, capacity 37491K, committed 37504K, reserved 1048576K
Event: 3131,707 GC heap after
Heap after GC invocations=41 (full 5):
 PSYoungGen      total 448000K, used 57383K [0x00000000e0000000, 0x0000000100000000, 0x0000000100000000)
  eden space 377856K, 0% used [0x00000000e0000000,0x00000000e0000000,0x00000000f7100000)
  from space 70144K, 81% used [0x00000000fbb80000,0x00000000ff389d68,0x0000000100000000)
  to   space 73216K, 0% used [0x00000000f7100000,0x00000000f7100000,0x00000000fb880000)
 ParOldGen       total 444928K, used 83259K [0x00000000a0000000, 0x00000000bb280000, 0x00000000e0000000)
  object space 444928K, 18% used [0x00000000a0000000,0x00000000a514ef00,0x00000000bb280000)
 Metaspace       used 254182K, capacity 273093K, committed 273228K, reserved 1286144K
  class space    used 33552K, capacity 37491K, committed 37504K, reserved 1048576K
}
Event: 3131,707 GC heap before
{Heap before GC invocations=42 (full 6):
 PSYoungGen      total 448000K, used 57383K [0x00000000e0000000, 0x0000000100000000, 0x0000000100000000)
  eden space 377856K, 0% used [0x00000000e0000000,0x00000000e0000000,0x00000000f7100000)
  from space 70144K, 81% used [0x00000000fbb80000,0x00000000ff389d68,0x0000000100000000)
  to   space 73216K, 0% used [0x00000000f7100000,0x00000000f7100000,0x00000000fb880000)
 ParOldGen       total 444928K, used 83259K [0x00000000a0000000, 0x00000000bb280000, 0x00000000e0000000)
  object space 444928K, 18% used [0x00000000a0000000,0x00000000a514ef00,0x00000000bb280000)
 Metaspace       used 254182K, capacity 273093K, committed 273228K, reserved 1286144K
  class space    used 33552K, capacity 37491K, committed 37504K, reserved 1048576K

